SKIP (external)  textual-discourse  http://infosthetics.com/archives/emergence_project.jpg
OK               aggregates-and-crystals  dla21.png  (8094 bytes)
OK               aggregates-and-crystals  coral.png  (8757 bytes)
OK               greateincreased-diversity-through-evolutionary-algorithms  countryresidence12.jpg  (3988 bytes)
OK               greateincreased-diversity-through-evolutionary-algorithms  voyage-moscou-b12.jpg  (12048 bytes)
OK               greateincreased-diversity-through-evolutionary-algorithms  helix-hotel-abudhabi1.jpg  (3697 bytes)
OK               explanation-of-lenet-jargon  ann_layers.png  (12269 bytes)
OK               queen-problems  puzzle-5bq-3wq1.jpg  (11019 bytes)
OK               queen-problems  queen-triangles.png  (13133 bytes)
OK               predicting-gambling-behavior  gambler-annstructure-m1.jpg  (90353 bytes)
OK               vw-passat-workup-october-2009  10-21-09_11571.jpg  (58100 bytes)
OK               vw-passat-workup-october-2009  10-21-09_1157_aa11.jpg  (158604 bytes)
SKIP (external)  vw-passat-workup-october-2009  http://upload.wikimedia.org/wikipedia/commons/a/ac/Cshaft.gif
OK               vw-passat-workup-october-2009  10-21-09_12101.jpg  (77253 bytes)
OK               vw-passat-workup-october-2009  10-21-09_12081.jpg  (54613 bytes)
OK               vw-passat-workup-october-2009  10-21-09_12091.jpg  (63544 bytes)
OK               vw-passat-workup-october-2009  10-21-09_12141.jpg  (67093 bytes)
OK               vw-passat-workup-october-2009  10-21-09_1157_aa21.jpg  (161392 bytes)
OK               vw-passat-workup-october-2009  10-21-09_12131.jpg  (70708 bytes)
OK               vw-passat-workup-october-2009  10-21-09_12121.jpg  (75065 bytes)
OK               vw-passat-workup-october-2009  10-21-09_12111.jpg  (59499 bytes)
OK               vw-passat-workup-october-2009  10-21-09_12061.jpg  (58461 bytes)
OK               vw-passat-workup-october-2009  10-21-09_12071.jpg  (63050 bytes)
OK               vw-passat-workup-october-2009  10-21-09_12151.jpg  (54931 bytes)
SKIP (external)  another-dose-of-martian-awesome  http://blogs.discovermagazine.com/badastronomy/files/2010/01/hirise_avalanche_big.jpg
SKIP (external)  weightlifting-ant-is-photo-winner  http://newsimg.bbc.co.uk/media/images/47340000/jpg/_47340444_008791133-1.jpg
SKIP (external)  a-sculpture-that-perpetually-sells-itself-on-ebay  http://farm3.static.flickr.com/2736/4295492347_979fd8ee36.jpg
SKIP (external)  a-sculpture-that-perpetually-sells-itself-on-ebay  http://www.gravatar.com/avatar/4d79d5109431cf16f7cd4e1c05791afb?s=60&amp;d=http://laughingsquid.com/wordpress/wp-includes/images/blank.gif
SKIP (external)  from-bering-in-mind-if-darwin-were-a-sports-psychologist-evolution-and-athletics  http://www.scientificamerican.com/media/inline/blog/Image/chimp_with_soccer_ball.jpg
SKIP (external)  anelkas-dilemma  http://posterous.com/getfile/files.posterous.com/pafnuty/RWLiC3tAM0jTkqdXDZszpVX5ELd0wUeXNBXArkcq2G7OS9PCT9ewR55y6uNy/AnelkaDilemma-Ignacio.jpg
OK               anelkas-dilemma  anelkadilemma-ignacio-scaled-500.jpg  (25974 bytes)
OK               anelkas-dilemma  anelkadilemma.jpg  (64271 bytes)
SKIP (external)  frankenphone  http://library.ucf.edu/Exhibits/Frankenstein/images/Frankenstein.gif
SKIP (external)  frankenphone  http://www.calllet.com/wp-content/uploads/2009/05/motorola-razr-v3.jpg
OK               meyer-nadja-shosta-and-mahler  bowed-strings.jpg  (21552 bytes)
OK               meyer-nadja-shosta-and-mahler  shosta_sq8_3_mus.jpg  (66573 bytes)
OK               passat-electrical-demons  pigtail.png  (81747 bytes)
OK               payback-porter  54913.jpg  (11067 bytes)
SKIP (external)  consilience  http://upload.wikimedia.org/wikipedia/commons/thumb/9/9d/Plos_wilson.jpg/225px-Plos_wilson.jpg
OK               accidental-paste  img_0991.jpg  (3426558 bytes)
OK               guest-post-pun-habit  pun-cartoon1.jpg  (55006 bytes)
OK               bodine-order-its-done  tm_pemdas.png  (4992 bytes)
OK               bodine-order-its-done  tm_eq01.png  (8800 bytes)
OK               bodine-order-its-done  tm_eq02.png  (3199 bytes)
OK               bodine-order-its-done  tm_backtracking.png  (3000 bytes)
OK               bodine-order-its-done  tm_eq03.png  (2756 bytes)
OK               sigmoid-function-fail  sigmoid_fail.png  (44470 bytes)
OK               sigmoid-function-fail  win-sigmoid.png  (11843 bytes)
OK               nothing-but-the-web  img_1578.jpg  (1793735 bytes)
OK               nothing-but-the-web  img_1593.jpg  (1697840 bytes)
OK               nothing-but-the-web  img_1594.jpg  (2054128 bytes)
OK               nothing-but-the-web  img_1595.jpg  (1633044 bytes)
OK               nothing-but-the-web  img_1596.jpg  (1739262 bytes)
OK               chromebok-under-the-hood  img_1617.jpg  (1491805 bytes)
OK               chromebok-under-the-hood  img_1622.jpg  (3052768 bytes)
OK               chromebok-under-the-hood  img_1624.jpg  (2845367 bytes)
OK               chromebok-under-the-hood  img_1625.jpg  (645062 bytes)
OK               chromebok-under-the-hood  img_1636.jpg  (1615173 bytes)
OK               chromebok-under-the-hood  img_16381.jpg  (3702398 bytes)
OK               chromebok-under-the-hood  intelnm10-architecture1.png  (18823 bytes)
OK               chromebook-3g-for-free  img_1597.jpg  (3097350 bytes)
OK               san-francisco-walnut-creek-heat-wave-june-2011  smartmeter_heatwave.png  (26379 bytes)
OK               san-francisco-walnut-creek-heat-wave-june-2011  smartmeter_heatwave_hourly.png  (28125 bytes)
OK               san-francisco-walnut-creek-heat-wave-june-2011  wunderground_heatwave.png  (8618 bytes)
SKIP (external)  swai-fish-and-hindi-spices  https://lh5.googleusercontent.com/-X3ltc0Hp8gs/Tgqmi_dXXXI/AAAAAAAAB7g/AhBGMIrBGN4/s800/IMG_1686.JPG
SKIP (external)  swai-fish-and-hindi-spices  https://lh3.googleusercontent.com/-uAzqyHPbCi0/Tgq9H3kZpyI/AAAAAAAAB8I/5LQ7KQu1x6U/s800/IMG_1683.JPG
OK               spotted-on-the-mangala-express  img_34951.jpg  (2283032 bytes)
OK               spotted-on-the-mangala-express  img_3496.jpg  (1425540 bytes)
OK               spotted-on-the-mangala-express  img_3497.jpg  (1109158 bytes)
OK               spotted-on-the-mangala-express  img_35011.jpg  (1232892 bytes)
OK               spotted-on-the-mangala-express  india-mangala-express.jpg  (188100 bytes)
OK               acer-nic-mystery-and-a-short-panic  img_4246.jpg  (21454 bytes)
OK               acer-nic-mystery-and-a-short-panic  img_4248.jpg  (14540 bytes)
SKIP (external)  the-mgnrega-program  http://upload.wikimedia.org/wikipedia/commons/thumb/e/ee/Indian_Rupee_symbol.svg/7px-Indian_Rupee_symbol.svg.png
OK               the-mgnrega-program  nrega_budget1.png  (27479 bytes)
OK               the-mgnrega-program  mahatma-gandhi-nrega_final-logo.jpg  (311291 bytes)
SKIP (external)  the-mgnrega-program  http://www.thehindu.com/multimedia/dynamic/00832/IN10_LABOUR_832929f.jpg
SKIP (external)  the-mgnrega-program  http://upload.wikimedia.org/wikipedia/commons/thumb/e/ee/Indian_Rupee_symbol.svg/7px-Indian_Rupee_symbol.svg.png
OK               anecdotes-on-education-in-india  principals_office.png  (55864 bytes)
SKIP (external)  anecdotes-on-education-in-india  http://commons.wikipedia.org/wiki/File:Mathdept.jpg
SKIP (external)  anecdotes-on-education-in-india  http://upload.wikimedia.org/wikipedia/commons/thumb/a/ad/Mathdept.jpg/300px-Mathdept.jpg
SKIP (external)  anecdotes-on-education-in-india  http://farm1.static.flickr.com/21/31561679_4a0a0d80b1.jpg
OK               exploring-mls-salaries-2011  playercountandsalarybyposition.png  (13792 bytes)
OK               exploring-mls-salaries-2011  salarybyposition_boxplot.png  (9243 bytes)
OK               exploring-mls-salaries-2011  mlssalaryasmuchas.png  (8972 bytes)
OK               exploring-mls-salaries-2011  salarybyclub_barchart.png  (10990 bytes)
SKIP (external)  haikus-from-the-eurocup  http://hishanghai.info/wp-content/uploads/2012/06/euro-cup-2012.jpg
SKIP (external)  haikus-from-the-eurocup  http://o.onionstatic.com/images/5/5023/16x9/635.jpg?2333
SKIP (external)  aseem-trivedi  http://pafnuty.com/images/Bhrashtameva-Jayate.jpg
OK               the-lost-malapropisms-on-wikipedia  20121012.gif  (61845 bytes)
OK               barac-rank-aware-interval-based-clustering  ss-yahoopersonalclustering.png  (113577 bytes)
SKIP (external)  the-map-on-chinas-new-passport  http://www.washingtonpost.com/blogs/worldviews/files/2012/11/AP698624082433.jpg
OK               r2d3-and-other-letters-and-numbers  r2d3.jpg  (4464 bytes)
SKIP (external)  acquisition-of-drink-me-magazine  http://drinkmemag.com/wp-content/themes/DrinkMe/image/title_image.png?v=2012
SKIP (external)  interpretation-of-silhouette-plots-clustering  http://i.stack.imgur.com/iAWnF.png
SKIP (external)  interpretation-of-silhouette-plots-clustering  http://i.stack.imgur.com/wqQvq.png
OK               thomas-davenport-on-creativity-in-quantitative-analysis  davenport_quants.jpg  (12012 bytes)
OK               reading-workflow-and-backposting-to-reading-log  reading-workflow.png  (21412 bytes)
SKIP (external)  non-convex-sets-with-k-means-and-hierarchical-clustering  http://upload.wikimedia.org/wikipedia/commons/thumb/1/11/Convex_polygon_illustration2.png/220px-Convex_polygon_illustration2.png
OK               non-convex-sets-with-k-means-and-hierarchical-clustering  banana_shape.png  (7933 bytes)
OK               non-convex-sets-with-k-means-and-hierarchical-clustering  pure_kmeans.png  (23324 bytes)
OK               non-convex-sets-with-k-means-and-hierarchical-clustering  kcentroids_21.png  (7530 bytes)
OK               non-convex-sets-with-k-means-and-hierarchical-clustering  clustering_animation_01.gif  (37354 bytes)
OK               non-convex-sets-with-k-means-and-hierarchical-clustering  02.png  (13482 bytes)
OK               data-gov-open-government-platform-and-cancer-data-sets  datagov_urinarybladdercancer_bystate1.png  (52419 bytes)
OK               data-gov-open-government-platform-and-cancer-data-sets  statecancerprofiles_bladder_usmap.png  (20792 bytes)
OK               kibana-disqus-at-sf-python-project-night  ss_message_type.png  (13316 bytes)
OK               kibana-disqus-at-sf-python-project-night  ss_hist_posts.png  (8076 bytes)
OK               joining-the-data-guild  thedataguild-shield.png  (8242 bytes)
OK               andrews-curves-now-free-with-python-pandas-reading-log  so_andrewscurves_03.png  (77416 bytes)
OK               andrews-curves-now-free-with-python-pandas-reading-log  so_andrewscurves_04_column_order.png  (56057 bytes)
OK               andrews-curves-now-free-with-python-pandas-reading-log  so_andrewscurves_06_column_order.png  (60894 bytes)
OK               andrews-curves-now-free-with-python-pandas-reading-log  andrewscurves_ss01_vspcp_shuffle_columns.png  (74011 bytes)
OK               google-search-definitions-upgrade-is-amazing  incorrigible-google-search.png  (34648 bytes)
SKIP (external)  uc-berkeley-bids-launch-and-conscilience  http://commons.wikipedia.org/wiki/File:Berkeley_Horizontal_Logo.PNG
SKIP (external)  uc-berkeley-bids-launch-and-conscilience  http://upload.wikimedia.org/wikipedia/commons/1/13/Berkeley_Horizontal_Logo.PNG
OK               uc-berkeley-bids-launch-and-conscilience  bbtpcj8cyaatgpk.jpg  (11914 bytes)
OK               change-detection-tutorial  example_signal_01.png  (5277 bytes)
OK               change-detection-tutorial  online_detection_01.png  (12033 bytes)
OK               change-detection-tutorial  seasonal_signal_01.png  (5423 bytes)
OK               change-detection-tutorial  noise_outliers_01.png  (5134 bytes)
OK               change-detection-tutorial  ekg_plot_01.png  (12429 bytes)
OK               change-detection-tutorial  ekg_basis_dictionary_01.png  (13727 bytes)
OK               change-detection-tutorial  reconstructed_ekg_01.png  (14034 bytes)
